<?xml version="1.0" encoding="UTF-8"?>
<!-- Generated by org.testng.reporters.JUnitXMLReporter -->
<testsuite ignored="2" hostname="DESKTOP-V41BOPB" failures="0" tests="1" name="Default test" time="16.685" errors="0" timestamp="2021-09-02T22:51:31 BST">
  <testcase classname="com.nehal.Yus1" name="testAdmin1" time="7.926"/>
  <testcase classname="com.nehal.Yus1" name="getTitle" time="0.0">
    <ignored/>
  </testcase> <!-- getTitle -->
  <testcase classname="com.nehal.Yus1" name="doLogin" time="0.0">
    <ignored/>
  </testcase> <!-- doLogin -->
</testsuite> <!-- Default test -->
