<?xml version="1.0" encoding="UTF-8"?>
<!-- Generated by org.testng.reporters.JUnitXMLReporter -->
<testsuite ignored="0" hostname="DESKTOP-V41BOPB" failures="0" tests="3" name="Test" time="20.013" errors="0" timestamp="2021-09-19T21:18:10 BST">
  <testcase classname="com.nehal.LoginTest1" name="login1" time="19.767"/>
  <testcase classname="com.nehal.AppTest1" name="logintest1" time="0.055"/>
  <testcase classname="com.nehal.AppTest1" name="logintest2" time="0.002"/>
</testsuite> <!-- Test -->
