<?xml version="1.0" encoding="UTF-8"?>
<testng-results ignored="0" total="3" passed="3" failed="0" skipped="0">
  <reporter-output>
  </reporter-output>
  <suite started-at="2021-09-20T22:47:28 BST" name="Suite" finished-at="2021-09-20T22:48:09 BST" duration-ms="41166">
    <groups>
    </groups>
    <test started-at="2021-09-20T22:47:28 BST" name="Test" finished-at="2021-09-20T22:48:09 BST" duration-ms="41166">
      <class name="com.nehal.LoginTest1">
        <test-method signature="login1()[pri:0, instance:com.nehal.LoginTest1@72cde7cc]" started-at="2021-09-20T22:47:28 BST" name="login1" finished-at="2021-09-20T22:48:09 BST" duration-ms="40978" status="PASS">
          <reporter-output>
          </reporter-output>
        </test-method> <!-- login1 -->
      </class> <!-- com.nehal.LoginTest1 -->
      <class name="com.nehal.AppTest1">
        <test-method signature="logintest1()[pri:0, instance:com.nehal.AppTest1@702b8b12]" started-at="2021-09-20T22:48:09 BST" name="logintest1" finished-at="2021-09-20T22:48:09 BST" duration-ms="51" status="PASS">
          <reporter-output>
          </reporter-output>
        </test-method> <!-- logintest1 -->
        <test-method signature="logintest2()[pri:0, instance:com.nehal.AppTest1@702b8b12]" started-at="2021-09-20T22:48:09 BST" name="logintest2" finished-at="2021-09-20T22:48:09 BST" duration-ms="2" status="PASS">
          <reporter-output>
          </reporter-output>
        </test-method> <!-- logintest2 -->
      </class> <!-- com.nehal.AppTest1 -->
    </test> <!-- Test -->
  </suite> <!-- Suite -->
</testng-results>
